#
# There is insufficient memory for the Java Runtime Environment to continue.
# Native memory allocation (malloc) failed to allocate 2704024 bytes. Error detail: Chunk::new
# Possible reasons:
#   The system is out of physical RAM or swap space
#   This process is running with CompressedOops enabled, and the Java Heap may be blocking the growth of the native heap
# Possible solutions:
#   Reduce memory load on the system
#   Increase physical memory or swap space
#   Check if swap backing store is full
#   Decrease Java heap size (-Xmx/-Xms)
#   Decrease number of Java threads
#   Decrease Java thread stack sizes (-Xss)
#   Set larger code cache with -XX:ReservedCodeCacheSize=
#   JVM is running with Unscaled Compressed Oops mode in which the Java heap is
#     placed in the first 4GB address space. The Java Heap base address is the
#     maximum limit for the native heap growth. Please use -XX:HeapBaseMinAddress
#     to set the Java Heap base and to place the Java Heap above 4GB virtual address.
# This output file may be truncated or incomplete.
#
#  Out of Memory Error (arena.cpp:186), pid=32964, tid=31976
#
# JRE version: OpenJDK Runtime Environment Temurin-25+36 (25.0+36) (build 25+36-LTS)
# Java VM: OpenJDK 64-Bit Server VM Temurin-25+36 (25+36-LTS, mixed mode, sharing, tiered, compressed oops, compressed class ptrs, g1 gc, windows-amd64)
# No core dump will be written. Minidumps are not enabled by default on client versions of Windows
#

---------------  S U M M A R Y ------------

Command Line: --add-opens=java.base/java.lang=ALL-UNNAMED --add-opens=java.base/java.lang.invoke=ALL-UNNAMED --add-opens=java.base/java.util=ALL-UNNAMED --add-opens=java.prefs/java.util.prefs=ALL-UNNAMED --add-exports=jdk.compiler/com.sun.tools.javac.api=ALL-UNNAMED --add-exports=jdk.compiler/com.sun.tools.javac.util=ALL-UNNAMED --add-opens=java.base/java.util=ALL-UNNAMED --add-opens=java.prefs/java.util.prefs=ALL-UNNAMED --add-opens=java.base/java.nio.charset=ALL-UNNAMED --add-opens=java.base/java.net=ALL-UNNAMED --add-opens=java.base/java.util.concurrent.atomic=ALL-UNNAMED --add-opens=java.xml/javax.xml.namespace=ALL-UNNAMED -XX:MaxMetaspaceSize=1G -XX:ReservedCodeCacheSize=256m -XX:+HeapDumpOnOutOfMemoryError -Xmx2G -Dfile.encoding=UTF-8 -Duser.country=IN -Duser.language=en -Duser.variant -javaagent:C:\Users\thick\.gradle\wrapper\dists\gradle-8.12-all\ejduaidbjup3bmmkhw3rie4zb\gradle-8.12\lib\agents\gradle-instrumentation-agent-8.12.jar org.gradle.launcher.daemon.bootstrap.GradleDaemon 8.12

Host: 12th Gen Intel(R) Core(TM) i5-1235U, 12 cores, 7G,  Windows 11 , 64 bit Build 26100 (10.0.26100.3037)
Time: Fri Apr 10 00:35:41 2026 India Standard Time elapsed time: 6683.746840 seconds (0d 1h 51m 23s)

---------------  T H R E A D  ---------------

Current thread (0x000001752e72f670):  JavaThread "C2 CompilerThread0" daemon [_thread_in_native, id=31976, stack(0x0000005f57700000,0x0000005f57800000) (1024K)]


Current CompileTask:
C2:6683749 7501       4       org.gradle.internal.service.DefaultServiceRegistry$ClassInspector$ClassDetails::hasAnnotation (44 bytes)

Stack: [0x0000005f57700000,0x0000005f57800000]
Native frames: (J=compiled Java code, j=interpreted, Vv=VM code, C=native code)
V  [jvm.dll+0x7a8259]  (no source info available)
V  [jvm.dll+0x7728dd]  (no source info available)
V  [jvm.dll+0x9f5583]  (no source info available)
V  [jvm.dll+0x9f7b71]  (no source info available)
V  [jvm.dll+0x9f8273]  (no source info available)
V  [jvm.dll+0x2fcd26]  (no source info available)
V  [jvm.dll+0x111086]  (no source info available)
V  [jvm.dll+0x1113ae]  (no source info available)
V  [jvm.dll+0x1a01a2]  (no source info available)
V  [jvm.dll+0x3b5e72]  (no source info available)
V  [jvm.dll+0x7adbcc]  (no source info available)
V  [jvm.dll+0x2c0327]  (no source info available)
V  [jvm.dll+0x2bf2ef]  (no source info available)
V  [jvm.dll+0x237300]  (no source info available)
V  [jvm.dll+0x2cf386]  (no source info available)
V  [jvm.dll+0x2cd60a]  (no source info available)
V  [jvm.dll+0x48f5ee]  (no source info available)
V  [jvm.dll+0x99610d]  (no source info available)
V  [jvm.dll+0x7a6835]  (no source info available)
C  [ucrtbase.dll+0x37b0]  (no source info available)
C  [KERNEL32.DLL+0x2e8d7]  (no source info available)
C  [ntdll.dll+0xbbf2c]  (no source info available)

Lock stack of current Java thread (top to bottom):


---------------  P R O C E S S  ---------------

Threads class SMR info:
_java_thread_list=0x00000175374cfd50, length=41, elements={
0x000001750dda80f0, 0x000001752e728320, 0x000001752e729a50, 0x000001752e72c440,
0x000001752e72d000, 0x000001752e72dbc0, 0x000001752e72e780, 0x000001752e72f670,
0x000001752e736360, 0x000001752e8f81d0, 0x000001752e9acbf0, 0x000001752e8b8c60,
0x0000017533a7feb0, 0x0000017533b909c0, 0x000001752eacd6b0, 0x000001752ead1530,
0x000001752eacf5f0, 0x0000017534626bf0, 0x000001753462ba10, 0x00000175370ac520,
0x00000175370ad4c0, 0x00000175370abd50, 0x00000175370ab580, 0x00000175371a5bf0,
0x00000175371a4c50, 0x0000017535593140, 0x0000017535596020, 0x0000017535597790,
0x00000175355940e0, 0x0000017535598730, 0x00000175355996d0, 0x0000017535a20010,
0x0000017535a22ef0, 0x0000017535a22720, 0x00000175346273c0, 0x000001753462a2a0,
0x000001753462aa70, 0x00000175371a7b30, 0x000001752eacfdc0, 0x000001752e911ef0,
0x0000017533aaf5a0
}

Java Threads: ( => current thread )
  0x000001750dda80f0 JavaThread "main"                              [_thread_blocked, id=38088, stack(0x0000005f56900000,0x0000005f56a00000) (1024K)]
  0x000001752e728320 JavaThread "Reference Handler"          daemon [_thread_blocked, id=26104, stack(0x0000005f57100000,0x0000005f57200000) (1024K)]
  0x000001752e729a50 JavaThread "Finalizer"                  daemon [_thread_blocked, id=41208, stack(0x0000005f57200000,0x0000005f57300000) (1024K)]
  0x000001752e72c440 JavaThread "Signal Dispatcher"          daemon [_thread_blocked, id=22680, stack(0x0000005f57300000,0x0000005f57400000) (1024K)]
  0x000001752e72d000 JavaThread "Attach Listener"            daemon [_thread_blocked, id=35952, stack(0x0000005f57400000,0x0000005f57500000) (1024K)]
  0x000001752e72dbc0 JavaThread "Service Thread"             daemon [_thread_blocked, id=21476, stack(0x0000005f57500000,0x0000005f57600000) (1024K)]
  0x000001752e72e780 JavaThread "Monitor Deflation Thread"   daemon [_thread_blocked, id=26128, stack(0x0000005f57600000,0x0000005f57700000) (1024K)]
=>0x000001752e72f670 JavaThread "C2 CompilerThread0"         daemon [_thread_in_native, id=31976, stack(0x0000005f57700000,0x0000005f57800000) (1024K)]
  0x000001752e736360 JavaThread "C1 CompilerThread0"         daemon [_thread_in_vm, id=7228, stack(0x0000005f57800000,0x0000005f57900000) (1024K)]
  0x000001752e8f81d0 JavaThread "Common-Cleaner"             daemon [_thread_blocked, id=11652, stack(0x0000005f57900000,0x0000005f57a00000) (1024K)]
  0x000001752e9acbf0 JavaThread "Notification Thread"        daemon [_thread_blocked, id=29252, stack(0x0000005f57a00000,0x0000005f57b00000) (1024K)]
  0x000001752e8b8c60 JavaThread "Daemon health stats"               [_thread_blocked, id=40472, stack(0x0000005f57d00000,0x0000005f57e00000) (1024K)]
  0x0000017533a7feb0 JavaThread "Incoming local TCP Connector on port 2358"        [_thread_in_native, id=22784, stack(0x0000005f57e00000,0x0000005f57f00000) (1024K)]
  0x0000017533b909c0 JavaThread "Daemon periodic checks"            [_thread_blocked, id=5788, stack(0x0000005f57f00000,0x0000005f58000000) (1024K)]
  0x000001752eacd6b0 JavaThread "Cache worker for journal cache (C:\Users\thick\.gradle\caches\journal-1)"        [_thread_blocked, id=21664, stack(0x0000005f58700000,0x0000005f58800000) (1024K)]
  0x000001752ead1530 JavaThread "File lock request listener"        [_thread_in_native, id=28972, stack(0x0000005f58800000,0x0000005f58900000) (1024K)]
  0x000001752eacf5f0 JavaThread "Cache worker for file hash cache (C:\Users\thick\.gradle\caches\8.12\fileHashes)"        [_thread_blocked, id=25972, stack(0x0000005f58900000,0x0000005f58a00000) (1024K)]
  0x0000017534626bf0 JavaThread "File watcher server"        daemon [_thread_in_native, id=41304, stack(0x0000005f59700000,0x0000005f59800000) (1024K)]
  0x000001753462ba10 JavaThread "File watcher consumer"      daemon [_thread_blocked, id=31480, stack(0x0000005f59800000,0x0000005f59900000) (1024K)]
  0x00000175370ac520 JavaThread "jar transforms"                    [_thread_blocked, id=31564, stack(0x0000005f59900000,0x0000005f59a00000) (1024K)]
  0x00000175370ad4c0 JavaThread "jar transforms Thread 2"           [_thread_blocked, id=33844, stack(0x0000005f59a00000,0x0000005f59b00000) (1024K)]
  0x00000175370abd50 JavaThread "jar transforms Thread 3"           [_thread_blocked, id=11380, stack(0x0000005f59b00000,0x0000005f59c00000) (1024K)]
  0x00000175370ab580 JavaThread "jar transforms Thread 4"           [_thread_blocked, id=16084, stack(0x0000005f59c00000,0x0000005f59d00000) (1024K)]
  0x00000175371a5bf0 JavaThread "jar transforms Thread 5"           [_thread_blocked, id=40064, stack(0x0000005f59d00000,0x0000005f59e00000) (1024K)]
  0x00000175371a4c50 JavaThread "Cache worker for file content cache (C:\Users\thick\.gradle\caches\8.12\fileContent)"        [_thread_blocked, id=33428, stack(0x0000005f59f00000,0x0000005f5a000000) (1024K)]
  0x0000017535593140 JavaThread "jar transforms Thread 6"           [_thread_blocked, id=39732, stack(0x0000005f5a000000,0x0000005f5a100000) (1024K)]
  0x0000017535596020 JavaThread "jar transforms Thread 7"           [_thread_blocked, id=32748, stack(0x0000005f5a100000,0x0000005f5a200000) (1024K)]
  0x0000017535597790 JavaThread "jar transforms Thread 8"           [_thread_blocked, id=39456, stack(0x0000005f5a200000,0x0000005f5a300000) (1024K)]
  0x00000175355940e0 JavaThread "jar transforms Thread 9"           [_thread_blocked, id=39668, stack(0x0000005f5a300000,0x0000005f5a400000) (1024K)]
  0x0000017535598730 JavaThread "jar transforms Thread 10"          [_thread_blocked, id=31308, stack(0x0000005f5a400000,0x0000005f5a500000) (1024K)]
  0x00000175355996d0 JavaThread "jar transforms Thread 11"          [_thread_blocked, id=4852, stack(0x0000005f5a500000,0x0000005f5a600000) (1024K)]
  0x0000017535a20010 JavaThread "jar transforms Thread 12"          [_thread_blocked, id=33888, stack(0x0000005f5a600000,0x0000005f5a700000) (1024K)]
  0x0000017535a22ef0 JavaThread "Daemon Thread 2"                   [_thread_blocked, id=22552, stack(0x0000005f56600000,0x0000005f56700000) (1024K)]
  0x0000017535a22720 JavaThread "Handler for socket connection from /127.0.0.1:2358 to /127.0.0.1:12169"        [_thread_in_native, id=21468, stack(0x0000005f56700000,0x0000005f56800000) (1024K)]
  0x00000175346273c0 JavaThread "Cancel handler"                    [_thread_blocked, id=40020, stack(0x0000005f56800000,0x0000005f56900000) (1024K)]
  0x000001753462a2a0 JavaThread "Daemon worker Thread 2"            [_thread_in_vm, id=36700, stack(0x0000005f58000000,0x0000005f58100000) (1024K)]
  0x000001753462aa70 JavaThread "Asynchronous log dispatcher for DefaultDaemonConnection: socket connection from /127.0.0.1:2358 to /127.0.0.1:12169"        [_thread_blocked, id=34520, stack(0x0000005f58100000,0x0000005f58200000) (1024K)]
  0x00000175371a7b30 JavaThread "Stdin handler"                     [_thread_blocked, id=23600, stack(0x0000005f58200000,0x0000005f58300000) (1024K)]
  0x000001752eacfdc0 JavaThread "Daemon client event forwarder"        [_thread_blocked, id=2100, stack(0x0000005f58300000,0x0000005f58400000) (1024K)]
  0x000001752e911ef0 JavaThread "Cache worker for file hash cache (C:\Users\thick\OneDrive\Desktop\medical 3\mobile\android\.gradle\8.12\fileHashes)"        [_thread_blocked, id=26932, stack(0x0000005f58400000,0x0000005f58500000) (1024K)]
  0x0000017533aaf5a0 JavaThread "Cache worker for Build Output Cleanup Cache (C:\Users\thick\OneDrive\Desktop\medical 3\mobile\android\.gradle\buildOutputCleanup)"        [_thread_blocked, id=39900, stack(0x0000005f58500000,0x0000005f58600000) (1024K)]
Total: 41

Other Threads:
  0x000001752e712c10 VMThread "VM Thread"                           [id=13256, stack(0x0000005f57000000,0x0000005f57100000) (1024K)]
  0x000001752e5dff70 WatcherThread "VM Periodic Task Thread"        [id=2596, stack(0x0000005f56f00000,0x0000005f57000000) (1024K)]
  0x000001751020c3d0 WorkerThread "GC Thread#0"                     [id=30428, stack(0x0000005f56a00000,0x0000005f56b00000) (1024K)]
  0x00000175337c2f00 WorkerThread "GC Thread#1"                     [id=28232, stack(0x0000005f57b00000,0x0000005f57c00000) (1024K)]
  0x00000175337c3740 WorkerThread "GC Thread#2"                     [id=38536, stack(0x0000005f57c00000,0x0000005f57d00000) (1024K)]
  0x000001752ea07320 WorkerThread "GC Thread#3"                     [id=34348, stack(0x0000005f58a00000,0x0000005f58b00000) (1024K)]
  0x000001752ea06630 WorkerThread "GC Thread#4"                     [id=18364, stack(0x0000005f58b00000,0x0000005f58c00000) (1024K)]
  0x000001752ea06a80 WorkerThread "GC Thread#5"                     [id=39980, stack(0x0000005f58c00000,0x0000005f58d00000) (1024K)]
  0x000001752ea06ed0 WorkerThread "GC Thread#6"                     [id=40500, stack(0x0000005f58d00000,0x0000005f58e00000) (1024K)]
  0x000001752ea07bc0 WorkerThread "GC Thread#7"                     [id=37592, stack(0x0000005f58e00000,0x0000005f58f00000) (1024K)]
  0x000001752ea08d00 WorkerThread "GC Thread#8"                     [id=31340, stack(0x0000005f58f00000,0x0000005f59000000) (1024K)]
  0x000001752ea07770 WorkerThread "GC Thread#9"                     [id=6828, stack(0x0000005f59000000,0x0000005f59100000) (1024K)]
  0x00000175102254a0 ConcurrentGCThread "G1 Main Marker"            [id=39792, stack(0x0000005f56b00000,0x0000005f56c00000) (1024K)]
  0x0000017510226d10 WorkerThread "G1 Conc#0"                       [id=25244, stack(0x0000005f56c00000,0x0000005f56d00000) (1024K)]
  0x000001752ea08460 WorkerThread "G1 Conc#1"                       [id=12504, stack(0x0000005f59300000,0x0000005f59400000) (1024K)]
  0x000001752ea088b0 WorkerThread "G1 Conc#2"                       [id=39740, stack(0x0000005f59400000,0x0000005f59500000) (1024K)]
  0x000001752e5cf120 ConcurrentGCThread "G1 Refine#0"               [id=24984, stack(0x0000005f56d00000,0x0000005f56e00000) (1024K)]
  0x000001752e5cfd30 ConcurrentGCThread "G1 Service"                [id=37972, stack(0x0000005f56e00000,0x0000005f56f00000) (1024K)]
Total: 18

Threads with active compile tasks:
C2 CompilerThread0  6684022 7501       4       org.gradle.internal.service.DefaultServiceRegistry$ClassInspector$ClassDetails::hasAnnotation (44 bytes)
Total: 1

VM state: not at safepoint (normal execution)

VM Mutex/Monitor currently owned by a thread: None

Heap address: 0x0000000080000000, size: 2048 MB, Compressed Oops mode: 32-bit

CDS archive(s) mapped at: [0x0000000032000000-0x0000000032dd0000-0x0000000032dd0000), size 14483456, SharedBaseAddress: 0x0000000032000000, ArchiveRelocationMode: 1.
Compressed class space mapped at: 0x0000000033000000-0x0000000067000000, reserved size: 872415232
UseCompressedClassPointers 1, UseCompactObjectHeaders 0
Narrow klass pointer bits 32, Max shift 3
Narrow klass base: 0x0000000032000000, Narrow klass shift: 0
Encoding Range: [0x0000000032000000 - 0x0000000132000000), (4294967296 bytes)
Klass Range:    [0x0000000032010000 - 0x0000000067000000), (889126912 bytes)
Klass ID Range:  [65536 - 889192441) (889126905)
Protection zone: [0x0000000032000000 - 0x0000000032010000), (65536 bytes)

GC Precious Log:
 CardTable entry size: 512
 Card Set container configuration: InlinePtr #cards 5 size 8 Array Of Cards #cards 10 size 36 Howl #buckets 4 coarsen threshold 1843 Howl Bitmap #cards 512 size 80 coarsen threshold 460 Card regions per heap region 1 cards per card region 2048
 CPUs: 12 total, 12 available
 Memory: 7863M
 Large Page Support: Disabled
 NUMA Support: Disabled
 Compressed Oops: Enabled (32-bit)
 Heap Region Size: 1M
 Heap Min Capacity: 8M
 Heap Initial Capacity: 124M
 Heap Max Capacity: 2G
 Pre-touch: Disabled
 Parallel Workers: 10
 Concurrent Workers: 3
 Concurrent Refinement Workers: 10
 Periodic GC: Disabled

Heap:
 garbage-first heap   total reserved 2097152K, committed 102400K, used 51354K [0x0000000080000000, 0x0000000100000000)
  region size 1024K, 14 young (14336K), 3 survivors (3072K)

Heap Regions: E=young(eden), S=young(survivor), O=old, HS=humongous(starts), HC=humongous(continues), CS=collection set, F=free, TAMS=top-at-mark-start, PB=parsable bottom
|   0|0x0000000080000000, 0x0000000080100000, 0x0000000080100000|100%|HS|  |TAMS 0x0000000080000000| PB 0x0000000080000000| Complete |  0
|   1|0x0000000080100000, 0x0000000080200000, 0x0000000080200000|100%|HC|  |TAMS 0x0000000080100000| PB 0x0000000080100000| Complete |  0
|   2|0x0000000080200000, 0x0000000080300000, 0x0000000080300000|100%|HC|  |TAMS 0x0000000080200000| PB 0x0000000080200000| Complete |  0
|   3|0x0000000080300000, 0x0000000080400000, 0x0000000080400000|100%| O|  |TAMS 0x0000000080300000| PB 0x0000000080300000| Untracked |  0
|   4|0x0000000080400000, 0x0000000080500000, 0x0000000080500000|100%|HS|  |TAMS 0x0000000080400000| PB 0x0000000080400000| Complete |  0
|   5|0x0000000080500000, 0x0000000080600000, 0x0000000080600000|100%| O|  |TAMS 0x0000000080500000| PB 0x0000000080500000| Untracked |  0
|   6|0x0000000080600000, 0x0000000080700000, 0x0000000080700000|100%| O|  |TAMS 0x0000000080600000| PB 0x0000000080600000| Untracked |  0
|   7|0x0000000080700000, 0x0000000080800000, 0x0000000080800000|100%| O|  |TAMS 0x0000000080700000| PB 0x0000000080700000| Untracked |  0
|   8|0x0000000080800000, 0x0000000080900000, 0x0000000080900000|100%| O|  |TAMS 0x0000000080800000| PB 0x0000000080800000| Untracked |  0
|   9|0x0000000080900000, 0x0000000080a00000, 0x0000000080a00000|100%| O|  |TAMS 0x0000000080900000| PB 0x0000000080900000| Untracked |  0
|  10|0x0000000080a00000, 0x0000000080b00000, 0x0000000080b00000|100%| O|  |TAMS 0x0000000080a00000| PB 0x0000000080a00000| Untracked |  0
|  11|0x0000000080b00000, 0x0000000080c00000, 0x0000000080c00000|100%| O|  |TAMS 0x0000000080b00000| PB 0x0000000080b00000| Untracked |  0
|  12|0x0000000080c00000, 0x0000000080d00000, 0x0000000080d00000|100%| O|  |TAMS 0x0000000080c00000| PB 0x0000000080c00000| Untracked |  0
|  13|0x0000000080d00000, 0x0000000080e00000, 0x0000000080e00000|100%| O|  |TAMS 0x0000000080d00000| PB 0x0000000080d00000| Untracked |  0
|  14|0x0000000080e00000, 0x0000000080f00000, 0x0000000080f00000|100%| O|  |TAMS 0x0000000080e00000| PB 0x0000000080e00000| Untracked |  0
|  15|0x0000000080f00000, 0x0000000081000000, 0x0000000081000000|100%| O|  |TAMS 0x0000000080f00000| PB 0x0000000080f00000| Untracked |  0
|  16|0x0000000081000000, 0x0000000081062e58, 0x0000000081100000| 38%| O|  |TAMS 0x0000000081000000| PB 0x0000000081000000| Untracked |  0
|  17|0x0000000081100000, 0x0000000081200000, 0x0000000081200000|100%| O|  |TAMS 0x0000000081100000| PB 0x0000000081100000| Untracked |  0
|  18|0x0000000081200000, 0x0000000081300000, 0x0000000081300000|100%| O|  |TAMS 0x0000000081200000| PB 0x0000000081200000| Untracked |  0
|  19|0x0000000081300000, 0x0000000081400000, 0x0000000081400000|100%| O|  |TAMS 0x0000000081300000| PB 0x0000000081300000| Untracked |  0
|  20|0x0000000081400000, 0x0000000081500000, 0x0000000081500000|100%| O|  |TAMS 0x0000000081400000| PB 0x0000000081400000| Untracked |  0
|  21|0x0000000081500000, 0x0000000081600000, 0x0000000081600000|100%| O|  |TAMS 0x0000000081500000| PB 0x0000000081500000| Untracked |  0
|  22|0x0000000081600000, 0x0000000081700000, 0x0000000081700000|100%| O|  |TAMS 0x0000000081600000| PB 0x0000000081600000| Untracked |  0
|  23|0x0000000081700000, 0x0000000081700000, 0x0000000081800000|  0%| F|  |TAMS 0x0000000081700000| PB 0x0000000081700000| Untracked |  0
|  24|0x0000000081800000, 0x0000000081900000, 0x0000000081900000|100%| O|  |TAMS 0x0000000081800000| PB 0x0000000081800000| Untracked |  0
|  25|0x0000000081900000, 0x0000000081a00000, 0x0000000081a00000|100%| O|  |TAMS 0x0000000081900000| PB 0x0000000081900000| Untracked |  0
|  26|0x0000000081a00000, 0x0000000081b00000, 0x0000000081b00000|100%| O|  |TAMS 0x0000000081a00000| PB 0x0000000081a00000| Untracked |  0
|  27|0x0000000081b00000, 0x0000000081c00000, 0x0000000081c00000|100%| O|  |TAMS 0x0000000081b00000| PB 0x0000000081b00000| Untracked |  0
|  28|0x0000000081c00000, 0x0000000081d00000, 0x0000000081d00000|100%| O|  |TAMS 0x0000000081c00000| PB 0x0000000081c00000| Untracked |  0
|  29|0x0000000081d00000, 0x0000000081e00000, 0x0000000081e00000|100%| O|  |TAMS 0x0000000081d00000| PB 0x0000000081d00000| Untracked |  0
|  30|0x0000000081e00000, 0x0000000081f00000, 0x0000000081f00000|100%| O|  |TAMS 0x0000000081e00000| PB 0x0000000081e00000| Untracked |  0
|  31|0x0000000081f00000, 0x0000000082000000, 0x0000000082000000|100%| O|  |TAMS 0x0000000081f00000| PB 0x0000000081f00000| Untracked |  0
|  32|0x0000000082000000, 0x0000000082100000, 0x0000000082100000|100%| O|  |TAMS 0x0000000082000000| PB 0x0000000082000000| Untracked |  0
|  33|0x0000000082100000, 0x0000000082100000, 0x0000000082200000|  0%| F|  |TAMS 0x0000000082100000| PB 0x0000000082100000| Untracked |  0
|  34|0x0000000082200000, 0x0000000082200000, 0x0000000082300000|  0%| F|  |TAMS 0x0000000082200000| PB 0x0000000082200000| Untracked |  0
|  35|0x0000000082300000, 0x0000000082300000, 0x0000000082400000|  0%| F|  |TAMS 0x0000000082300000| PB 0x0000000082300000| Untracked |  0
|  36|0x0000000082400000, 0x00000000824c3d20, 0x0000000082500000| 76%| S|CS|TAMS 0x0000000082400000| PB 0x0000000082400000| Complete |  0
|  37|0x0000000082500000, 0x0000000082600000, 0x0000000082600000|100%| S|CS|TAMS 0x0000000082500000| PB 0x0000000082500000| Complete |  0
|  38|0x0000000082600000, 0x0000000082600000, 0x0000000082700000|  0%| F|  |TAMS 0x0000000082600000| PB 0x0000000082600000| Untracked |  0
|  39|0x0000000082700000, 0x0000000082800000, 0x0000000082800000|100%| O|  |TAMS 0x0000000082700000| PB 0x0000000082700000| Untracked |  0
|  40|0x0000000082800000, 0x0000000082800000, 0x0000000082900000|  0%| F|  |TAMS 0x0000000082800000| PB 0x0000000082800000| Untracked |  0
|  41|0x0000000082900000, 0x0000000082900000, 0x0000000082a00000|  0%| F|  |TAMS 0x0000000082900000| PB 0x0000000082900000| Untracked |  0
|  42|0x0000000082a00000, 0x0000000082b00000, 0x0000000082b00000|100%| S|CS|TAMS 0x0000000082a00000| PB 0x0000000082a00000| Complete |  0
|  43|0x0000000082b00000, 0x0000000082b00000, 0x0000000082c00000|  0%| F|  |TAMS 0x0000000082b00000| PB 0x0000000082b00000| Untracked |  0
|  44|0x0000000082c00000, 0x0000000082c00000, 0x0000000082d00000|  0%| F|  |TAMS 0x0000000082c00000| PB 0x0000000082c00000| Untracked |  0
|  45|0x0000000082d00000, 0x0000000082d00000, 0x0000000082e00000|  0%| F|  |TAMS 0x0000000082d00000| PB 0x0000000082d00000| Untracked |  0
|  46|0x0000000082e00000, 0x0000000082e00000, 0x0000000082f00000|  0%| F|  |TAMS 0x0000000082e00000| PB 0x0000000082e00000| Untracked |  0
|  47|0x0000000082f00000, 0x0000000082f00000, 0x0000000083000000|  0%| F|  |TAMS 0x0000000082f00000| PB 0x0000000082f00000| Untracked |  0
|  48|0x0000000083000000, 0x0000000083000000, 0x0000000083100000|  0%| F|  |TAMS 0x0000000083000000| PB 0x0000000083000000| Untracked |  0
|  49|0x0000000083100000, 0x0000000083100000, 0x0000000083200000|  0%| F|  |TAMS 0x0000000083100000| PB 0x0000000083100000| Untracked |  0
|  50|0x0000000083200000, 0x0000000083200000, 0x0000000083300000|  0%| F|  |TAMS 0x0000000083200000| PB 0x0000000083200000| Untracked |  0
|  51|0x0000000083300000, 0x0000000083300000, 0x0000000083400000|  0%| F|  |TAMS 0x0000000083300000| PB 0x0000000083300000| Untracked |  0
|  52|0x0000000083400000, 0x0000000083400000, 0x0000000083500000|  0%| F|  |TAMS 0x0000000083400000| PB 0x0000000083400000| Untracked |  0
|  53|0x0000000083500000, 0x0000000083500000, 0x0000000083600000|  0%| F|  |TAMS 0x0000000083500000| PB 0x0000000083500000| Untracked |  0
|  54|0x0000000083600000, 0x0000000083600000, 0x0000000083700000|  0%| F|  |TAMS 0x0000000083600000| PB 0x0000000083600000| Untracked |  0
|  55|0x0000000083700000, 0x0000000083700000, 0x0000000083800000|  0%| F|  |TAMS 0x0000000083700000| PB 0x0000000083700000| Untracked |  0
|  56|0x0000000083800000, 0x0000000083800000, 0x0000000083900000|  0%| F|  |TAMS 0x0000000083800000| PB 0x0000000083800000| Untracked |  0
|  57|0x0000000083900000, 0x0000000083900000, 0x0000000083a00000|  0%| F|  |TAMS 0x0000000083900000| PB 0x0000000083900000| Untracked |  0
|  58|0x0000000083a00000, 0x0000000083a00000, 0x0000000083b00000|  0%| F|  |TAMS 0x0000000083a00000| PB 0x0000000083a00000| Untracked |  0
|  59|0x0000000083b00000, 0x0000000083b00000, 0x0000000083c00000|  0%| F|  |TAMS 0x0000000083b00000| PB 0x0000000083b00000| Untracked |  0
|  60|0x0000000083c00000, 0x0000000083c00000, 0x0000000083d00000|  0%| F|  |TAMS 0x0000000083c00000| PB 0x0000000083c00000| Untracked |  0
|  61|0x0000000083d00000, 0x0000000083d00000, 0x0000000083e00000|  0%| F|  |TAMS 0x0000000083d00000| PB 0x0000000083d00000| Untracked |  0
|  62|0x0000000083e00000, 0x0000000083e00000, 0x0000000083f00000|  0%| F|  |TAMS 0x0000000083e00000| PB 0x0000000083e00000| Untracked |  0
|  63|0x0000000083f00000, 0x0000000083f00000, 0x0000000084000000|  0%| F|  |TAMS 0x0000000083f00000| PB 0x0000000083f00000| Untracked |  0
|  64|0x0000000084000000, 0x0000000084000000, 0x0000000084100000|  0%| F|  |TAMS 0x0000000084000000| PB 0x0000000084000000| Untracked |  0
|  65|0x0000000084100000, 0x0000000084100000, 0x0000000084200000|  0%| F|  |TAMS 0x0000000084100000| PB 0x0000000084100000| Untracked |  0
|  66|0x0000000084200000, 0x0000000084200000, 0x0000000084300000|  0%| F|  |TAMS 0x0000000084200000| PB 0x0000000084200000| Untracked |  0
|  67|0x0000000084300000, 0x0000000084300000, 0x0000000084400000|  0%| F|  |TAMS 0x0000000084300000| PB 0x0000000084300000| Untracked |  0
|  68|0x0000000084400000, 0x0000000084400000, 0x0000000084500000|  0%| F|  |TAMS 0x0000000084400000| PB 0x0000000084400000| Untracked |  0
|  69|0x0000000084500000, 0x0000000084500000, 0x0000000084600000|  0%| F|  |TAMS 0x0000000084500000| PB 0x0000000084500000| Untracked |  0
|  70|0x0000000084600000, 0x0000000084600000, 0x0000000084700000|  0%| F|  |TAMS 0x0000000084600000| PB 0x0000000084600000| Untracked |  0
|  71|0x0000000084700000, 0x0000000084700000, 0x0000000084800000|  0%| F|  |TAMS 0x0000000084700000| PB 0x0000000084700000| Untracked |  0
|  72|0x0000000084800000, 0x0000000084800000, 0x0000000084900000|  0%| F|  |TAMS 0x0000000084800000| PB 0x0000000084800000| Untracked |  0
|  73|0x0000000084900000, 0x0000000084900000, 0x0000000084a00000|  0%| F|  |TAMS 0x0000000084900000| PB 0x0000000084900000| Untracked |  0
|  74|0x0000000084a00000, 0x0000000084a00000, 0x0000000084b00000|  0%| F|  |TAMS 0x0000000084a00000| PB 0x0000000084a00000| Untracked |  0
|  75|0x0000000084b00000, 0x0000000084b00000, 0x0000000084c00000|  0%| F|  |TAMS 0x0000000084b00000| PB 0x0000000084b00000| Untracked |  0
|  76|0x0000000084c00000, 0x0000000084c00000, 0x0000000084d00000|  0%| F|  |TAMS 0x0000000084c00000| PB 0x0000000084c00000| Untracked |  0
|  77|0x0000000084d00000, 0x0000000084d00000, 0x0000000084e00000|  0%| F|  |TAMS 0x0000000084d00000| PB 0x0000000084d00000| Untracked |  0
|  78|0x0000000084e00000, 0x0000000084e00000, 0x0000000084f00000|  0%| F|  |TAMS 0x0000000084e00000| PB 0x0000000084e00000| Untracked |  0
|  79|0x0000000084f00000, 0x0000000084f00000, 0x0000000085000000|  0%| F|  |TAMS 0x0000000084f00000| PB 0x0000000084f00000| Untracked |  0
|  80|0x0000000085000000, 0x0000000085000000, 0x0000000085100000|  0%| F|  |TAMS 0x0000000085000000| PB 0x0000000085000000| Untracked |  0
|  81|0x0000000085100000, 0x0000000085100000, 0x0000000085200000|  0%| F|  |TAMS 0x0000000085100000| PB 0x0000000085100000| Untracked |  0
|  82|0x0000000085200000, 0x0000000085200000, 0x0000000085300000|  0%| F|  |TAMS 0x0000000085200000| PB 0x0000000085200000| Untracked |  0
|  83|0x0000000085300000, 0x0000000085300000, 0x0000000085400000|  0%| F|  |TAMS 0x0000000085300000| PB 0x0000000085300000| Untracked |  0
|  84|0x0000000085400000, 0x000000008542d3c0, 0x0000000085500000| 17%| E|  |TAMS 0x0000000085400000| PB 0x0000000085400000| Complete |  0
|  85|0x0000000085500000, 0x0000000085600000, 0x0000000085600000|100%| E|CS|TAMS 0x0000000085500000| PB 0x0000000085500000| Complete |  0
|  86|0x0000000085600000, 0x0000000085700000, 0x0000000085700000|100%| E|CS|TAMS 0x0000000085600000| PB 0x0000000085600000| Complete |  0
|  87|0x0000000085700000, 0x0000000085800000, 0x0000000085800000|100%| E|CS|TAMS 0x0000000085700000| PB 0x0000000085700000| Complete |  0
|  88|0x0000000085800000, 0x0000000085900000, 0x0000000085900000|100%| E|CS|TAMS 0x0000000085800000| PB 0x0000000085800000| Complete |  0
|  89|0x0000000085900000, 0x0000000085a00000, 0x0000000085a00000|100%| E|CS|TAMS 0x0000000085900000| PB 0x0000000085900000| Complete |  0
|  90|0x0000000085a00000, 0x0000000085b00000, 0x0000000085b00000|100%| E|CS|TAMS 0x0000000085a00000| PB 0x0000000085a00000| Complete |  0
|  91|0x0000000085b00000, 0x0000000085c00000, 0x0000000085c00000|100%| E|CS|TAMS 0x0000000085b00000| PB 0x0000000085b00000| Complete |  0
|  92|0x0000000085c00000, 0x0000000085d00000, 0x0000000085d00000|100%| E|CS|TAMS 0x0000000085c00000| PB 0x0000000085c00000| Complete |  0
| 123|0x0000000087b00000, 0x0000000087c00000, 0x0000000087c00000|100%| E|CS|TAMS 0x0000000087b00000| PB 0x0000000087b00000| Complete |  0
|2042|0x00000000ffa00000, 0x00000000ffb00000, 0x00000000ffb00000|100%| O|  |TAMS 0x00000000ffa00000| PB 0x00000000ffa00000| Untracked |  0
|2043|0x00000000ffb00000, 0x00000000ffc00000, 0x00000000ffc00000|100%| O|  |TAMS 0x00000000ffb00000| PB 0x00000000ffb00000| Untracked |  0
|2044|0x00000000ffc00000, 0x00000000ffd00000, 0x00000000ffd00000|100%| O|  |TAMS 0x00000000ffc00000| PB 0x00000000ffc00000| Untracked |  0
|2045|0x00000000ffd00000, 0x00000000ffe00000, 0x00000000ffe00000|100%| O|  |TAMS 0x00000000ffd00000| PB 0x00000000ffd00000| Untracked |  0
|2046|0x00000000ffe00000, 0x00000000fff00000, 0x00000000fff00000|100%| O|  |TAMS 0x00000000ffe00000| PB 0x00000000ffe00000| Untracked |  0
|2047|0x00000000fff00000, 0x0000000100000000, 0x0000000100000000|100%| E|CS|TAMS 0x00000000fff00000| PB 0x00000000fff00000| Complete |  0

Card table byte_map: [0x0000017529710000,0x0000017529b10000] _byte_map_base: 0x0000017529310000

Marking Bits: (CMBitMap*) 0x000001751020cb60
 Bits: [0x0000017529b10000, 0x000001752bb10000)

Polling page: 0x000001750dd20000

Metaspace:
Metaspace        used 59513K, committed 60736K, reserved 917504K
 class space     used 6512K, committed 7104K, reserved 851968K

Usage:
  Non-class:     51.76 MB used.
      Class:      6.36 MB used.
       Both:     58.12 MB used.

Virtual space:
  Non-class space:       64.00 MB reserved,      52.38 MB ( 82%) committed,  1 nodes.
      Class space:      832.00 MB reserved,       6.94 MB ( <1%) committed,  1 nodes.
             Both:      896.00 MB reserved,      59.31 MB (  7%) committed. 

Chunk freelists:
   Non-Class:  10.88 MB
       Class:  8.92 MB
        Both:  19.79 MB

MaxMetaspaceSize: 1.00 GB
CompressedClassSpaceSize: 832.00 MB
Initial GC threshold: 21.00 MB
Current GC threshold: 98.44 MB
CDS: on
 - commit_granule_bytes: 65536.
 - commit_granule_words: 8192.
 - virtual_space_node_default_size: 8388608.
 - enlarge_chunks_in_place: 1.
UseCompressedClassPointers 1, UseCompactObjectHeaders 0
Narrow klass pointer bits 32, Max shift 3
Narrow klass base: 0x0000000032000000, Narrow klass shift: 0
Encoding Range: [0x0000000032000000 - 0x0000000132000000), (4294967296 bytes)
Klass Range:    [0x0000000032010000 - 0x0000000067000000), (889126912 bytes)
Klass ID Range:  [65536 - 889192441) (889126905)
Protection zone: [0x0000000032000000 - 0x0000000032010000), (65536 bytes)


Internal statistics:

num_allocs_failed_limit: 9.
num_arena_births: 1996.
num_arena_deaths: 0.
num_vsnodes_births: 2.
num_vsnodes_deaths: 0.
num_space_committed: 949.
num_space_uncommitted: 0.
num_chunks_returned_to_freelist: 9.
num_chunks_taken_from_freelist: 4186.
num_chunk_merges: 3.
num_chunk_splits: 2958.
num_chunks_enlarged: 2143.
num_inconsistent_stats: 0.

CodeHeap 'non-profiled nmethods': size=128256Kb used=2941Kb max_used=2941Kb free=125314Kb
 bounds [0x0000017520f60000, 0x0000017521240000, 0x0000017528ca0000]
CodeHeap 'profiled nmethods': size=128192Kb used=10075Kb max_used=10075Kb free=118116Kb
 bounds [0x0000017518ca0000, 0x0000017519680000, 0x00000175209d0000]
CodeHeap 'non-nmethods': size=5696Kb used=2688Kb max_used=2777Kb free=3007Kb
 bounds [0x00000175209d0000, 0x0000017520c90000, 0x0000017520f60000]
CodeCache: size=262144Kb, used=15704Kb, max_used=15793Kb, free=246437Kb
 total_blobs=7568, nmethods=6619, adapters=851, full_count=0
Compilation: enabled, stopped_count=0, restarted_count=0

Compilation events (20 events):
Event: 6681.866 Thread 0x000001752e72f670 nmethod 7492 0x000001752123e688 code [0x000001752123e780, 0x000001752123e870]
Event: 6681.866 Thread 0x000001752e72f670 7489       4       com.google.common.collect.CollectPreconditions::checkEntryNotNull (68 bytes)
Event: 6681.869 Thread 0x000001752e72f670 nmethod 7489 0x000001752123e988 code [0x000001752123ea80, 0x000001752123eb28]
Event: 6681.895 Thread 0x000001752e736360 7494       3       java.lang.ProcessEnvironment$CheckedEntry::getValue (5 bytes)
Event: 6681.896 Thread 0x000001752e736360 nmethod 7494 0x0000017519669008 code [0x0000017519669100, 0x0000017519669408]
Event: 6681.896 Thread 0x000001752e736360 7495       3       java.lang.ProcessEnvironment$CheckedEntry::getValue (13 bytes)
Event: 6681.897 Thread 0x000001752e736360 nmethod 7495 0x0000017519669488 code [0x0000017519669580, 0x0000017519669820]
Event: 6681.900 Thread 0x000001752e736360 7496       3       org.gradle.internal.SystemProperties::isStandardProperty (10 bytes)
Event: 6681.909 Thread 0x000001752e736360 nmethod 7496 0x0000017519669888 code [0x0000017519669980, 0x0000017519669c38]
Event: 6682.060 Thread 0x000001752e72f670 7497       4       java.lang.ProcessEnvironment$NameComparator::compare (90 bytes)
Event: 6682.095 Thread 0x000001752e72f670 nmethod 7497 0x000001752123ec88 code [0x000001752123ed80, 0x000001752123f1d8]
Event: 6682.127 Thread 0x000001752e736360 7498       3       java.util.concurrent.atomic.AtomicLong::incrementAndGet (14 bytes)
Event: 6682.129 Thread 0x000001752e736360 nmethod 7498 0x0000017519669c88 code [0x0000017519669d80, 0x0000017519669ea0]
Event: 6682.560 Thread 0x000001752e736360 7499       3       org.gradle.internal.service.ServiceAccess::createToken (15 bytes)
Event: 6682.570 Thread 0x000001752e736360 nmethod 7499 0x0000017519669f88 code [0x000001751966a080, 0x000001751966a3a8]
Event: 6682.570 Thread 0x000001752e736360 7500       3       org.gradle.internal.service.DefaultServiceAccessToken::<init> (15 bytes)
Event: 6682.570 Thread 0x000001752e736360 nmethod 7500 0x000001751966a408 code [0x000001751966a500, 0x000001751966a6b8]
Event: 6682.586 Thread 0x000001752e72f670 7501       4       org.gradle.internal.service.DefaultServiceRegistry$ClassInspector$ClassDetails::hasAnnotation (44 bytes)
Event: 6682.716 Thread 0x000001752e736360 7503       3       org.gradle.internal.service.DefaultServiceRegistry::addProvider (23 bytes)
Event: 6682.727 Thread 0x000001752e736360 nmethod 7503 0x000001751966a708 code [0x000001751966a800, 0x000001751966ad80]

GC Heap Usage History (20 events):
Event: 21.459 {heap Before GC invocations=5 (full 0):
 garbage-first heap   total reserved 2097152K, committed 89088K, used 86287K [0x0000000080000000, 0x0000000100000000)
  region size 1024K, 68 young (69632K), 7 survivors (7168K)
}
Event: 21.473 {heap After GC invocations=6 (full 0):
 garbage-first heap   total reserved 2097152K, committed 101376K, used 29552K [0x0000000080000000, 0x0000000100000000)
  region size 1024K, 8 young (8192K), 8 survivors (8192K)
}
Event: 23.145 {heap Before GC invocations=6 (full 0):
 garbage-first heap   total reserved 2097152K, committed 101376K, used 75632K [0x0000000080000000, 0x0000000100000000)
  region size 1024K, 54 young (55296K), 8 survivors (8192K)
}
Event: 23.155 {heap After GC invocations=7 (full 0):
 garbage-first heap   total reserved 2097152K, committed 101376K, used 34838K [0x0000000080000000, 0x0000000100000000)
  region size 1024K, 6 young (6144K), 6 survivors (6144K)
}
Event: 23.246 {heap Before GC invocations=7 (full 0):
 garbage-first heap   total reserved 2097152K, committed 101376K, used 44054K [0x0000000080000000, 0x0000000100000000)
  region size 1024K, 16 young (16384K), 6 survivors (6144K)
}
Event: 23.252 {heap After GC invocations=8 (full 0):
 garbage-first heap   total reserved 2097152K, committed 101376K, used 34668K [0x0000000080000000, 0x0000000100000000)
  region size 1024K, 2 young (2048K), 2 survivors (2048K)
}
Event: 24.613 {heap Before GC invocations=9 (full 0):
 garbage-first heap   total reserved 2097152K, committed 101376K, used 87916K [0x0000000080000000, 0x0000000100000000)
  region size 1024K, 48 young (49152K), 2 survivors (2048K)
}
Event: 24.620 {heap After GC invocations=10 (full 0):
 garbage-first heap   total reserved 2097152K, committed 101376K, used 38645K [0x0000000080000000, 0x0000000100000000)
  region size 1024K, 6 young (6144K), 6 survivors (6144K)
}
Event: 25.892 {heap Before GC invocations=10 (full 0):
 garbage-first heap   total reserved 2097152K, committed 101376K, used 83701K [0x0000000080000000, 0x0000000100000000)
  region size 1024K, 50 young (51200K), 6 survivors (6144K)
}
Event: 25.897 {heap After GC invocations=11 (full 0):
 garbage-first heap   total reserved 2097152K, committed 101376K, used 39163K [0x0000000080000000, 0x0000000100000000)
  region size 1024K, 2 young (2048K), 2 survivors (2048K)
}
Event: 27.131 {heap Before GC invocations=11 (full 0):
 garbage-first heap   total reserved 2097152K, committed 101376K, used 87291K [0x0000000080000000, 0x0000000100000000)
  region size 1024K, 49 young (50176K), 2 survivors (2048K)
}
Event: 27.137 {heap After GC invocations=12 (full 0):
 garbage-first heap   total reserved 2097152K, committed 101376K, used 40271K [0x0000000080000000, 0x0000000100000000)
  region size 1024K, 3 young (3072K), 3 survivors (3072K)
}
Event: 29.448 {heap Before GC invocations=12 (full 0):
 garbage-first heap   total reserved 2097152K, committed 101376K, used 93519K [0x0000000080000000, 0x0000000100000000)
  region size 1024K, 49 young (50176K), 3 survivors (3072K)
}
Event: 29.456 {heap After GC invocations=13 (full 0):
 garbage-first heap   total reserved 2097152K, committed 101376K, used 41796K [0x0000000080000000, 0x0000000100000000)
  region size 1024K, 5 young (5120K), 5 survivors (5120K)
}
Event: 1064.770 {heap Before GC invocations=14 (full 0):
 garbage-first heap   total reserved 2097152K, committed 101376K, used 97092K [0x0000000080000000, 0x0000000100000000)
  region size 1024K, 52 young (53248K), 5 survivors (5120K)
}
Event: 1064.902 {heap After GC invocations=15 (full 0):
 garbage-first heap   total reserved 2097152K, committed 102400K, used 41771K [0x0000000080000000, 0x0000000100000000)
  region size 1024K, 3 young (3072K), 3 survivors (3072K)
}
Event: 3624.764 {heap Before GC invocations=15 (full 0):
 garbage-first heap   total reserved 2097152K, committed 102400K, used 92971K [0x0000000080000000, 0x0000000100000000)
  region size 1024K, 53 young (54272K), 3 survivors (3072K)
}
Event: 3624.825 {heap After GC invocations=16 (full 0):
 garbage-first heap   total reserved 2097152K, committed 102400K, used 41280K [0x0000000080000000, 0x0000000100000000)
  region size 1024K, 3 young (3072K), 3 survivors (3072K)
}
Event: 6301.250 {heap Before GC invocations=16 (full 0):
 garbage-first heap   total reserved 2097152K, committed 102400K, used 94528K [0x0000000080000000, 0x0000000100000000)
  region size 1024K, 55 young (56320K), 3 survivors (3072K)
}
Event: 6301.394 {heap After GC invocations=17 (full 0):
 garbage-first heap   total reserved 2097152K, committed 102400K, used 41114K [0x0000000080000000, 0x0000000100000000)
  region size 1024K, 3 young (3072K), 3 survivors (3072K)
}

Metaspace Usage History (20 events):
Event: 21.459 {metaspace Before GC invocations=5 (full 0):
 Metaspace       used 28115K, committed 29120K, reserved 917504K
  class space    used 3101K, committed 3584K, reserved 851968K
}
Event: 21.473 {metaspace After GC invocations=6 (full 0):
 Metaspace       used 28115K, committed 29120K, reserved 917504K
  class space    used 3101K, committed 3584K, reserved 851968K
}
Event: 23.145 {metaspace Before GC invocations=6 (full 0):
 Metaspace       used 35031K, committed 36096K, reserved 917504K
  class space    used 3771K, committed 4288K, reserved 851968K
}
Event: 23.155 {metaspace After GC invocations=7 (full 0):
 Metaspace       used 35031K, committed 36096K, reserved 917504K
  class space    used 3771K, committed 4288K, reserved 851968K
}
Event: 23.246 {metaspace Before GC invocations=7 (full 0):
 Metaspace       used 35087K, committed 36096K, reserved 917504K
  class space    used 3773K, committed 4288K, reserved 851968K
}
Event: 23.252 {metaspace After GC invocations=8 (full 0):
 Metaspace       used 35087K, committed 36096K, reserved 917504K
  class space    used 3773K, committed 4288K, reserved 851968K
}
Event: 24.613 {metaspace Before GC invocations=9 (full 0):
 Metaspace       used 40056K, committed 41280K, reserved 917504K
  class space    used 4204K, committed 4800K, reserved 851968K
}
Event: 24.620 {metaspace After GC invocations=10 (full 0):
 Metaspace       used 40056K, committed 41280K, reserved 917504K
  class space    used 4204K, committed 4800K, reserved 851968K
}
Event: 25.892 {metaspace Before GC invocations=10 (full 0):
 Metaspace       used 45655K, committed 46848K, reserved 917504K
  class space    used 5163K, committed 5696K, reserved 851968K
}
Event: 25.897 {metaspace After GC invocations=11 (full 0):
 Metaspace       used 45655K, committed 46848K, reserved 917504K
  class space    used 5163K, committed 5696K, reserved 851968K
}
Event: 27.131 {metaspace Before GC invocations=11 (full 0):
 Metaspace       used 53087K, committed 54336K, reserved 917504K
  class space    used 5885K, committed 6464K, reserved 851968K
}
Event: 27.137 {metaspace After GC invocations=12 (full 0):
 Metaspace       used 53087K, committed 54336K, reserved 917504K
  class space    used 5885K, committed 6464K, reserved 851968K
}
Event: 29.448 {metaspace Before GC invocations=12 (full 0):
 Metaspace       used 59168K, committed 60416K, reserved 917504K
  class space    used 6508K, committed 7104K, reserved 851968K
}
Event: 29.456 {metaspace After GC invocations=13 (full 0):
 Metaspace       used 59168K, committed 60416K, reserved 917504K
  class space    used 6508K, committed 7104K, reserved 851968K
}
Event: 1064.771 {metaspace Before GC invocations=14 (full 0):
 Metaspace       used 59410K, committed 60672K, reserved 917504K
  class space    used 6512K, committed 7104K, reserved 851968K
}
Event: 1064.902 {metaspace After GC invocations=15 (full 0):
 Metaspace       used 59410K, committed 60672K, reserved 917504K
  class space    used 6512K, committed 7104K, reserved 851968K
}
Event: 3624.764 {metaspace Before GC invocations=15 (full 0):
 Metaspace       used 59485K, committed 60736K, reserved 917504K
  class space    used 6512K, committed 7104K, reserved 851968K
}
Event: 3624.825 {metaspace After GC invocations=16 (full 0):
 Metaspace       used 59485K, committed 60736K, reserved 917504K
  class space    used 6512K, committed 7104K, reserved 851968K
}
Event: 6301.252 {metaspace Before GC invocations=16 (full 0):
 Metaspace       used 59487K, committed 60736K, reserved 917504K
  class space    used 6512K, committed 7104K, reserved 851968K
}
Event: 6301.394 {metaspace After GC invocations=17 (full 0):
 Metaspace       used 59487K, committed 60736K, reserved 917504K
  class space    used 6512K, committed 7104K, reserved 851968K
}

Dll operation events (15 events):
Event: 0.080 Loaded shared library C:\Program Files\Eclipse Adoptium\jdk-25.0.0.36-hotspot\bin\java.dll
Event: 1.344 Loaded shared library C:\Program Files\Eclipse Adoptium\jdk-25.0.0.36-hotspot\bin\zip.dll
Event: 1.365 Loaded shared library C:\Program Files\Eclipse Adoptium\jdk-25.0.0.36-hotspot\bin\instrument.dll
Event: 1.385 Loaded shared library C:\Program Files\Eclipse Adoptium\jdk-25.0.0.36-hotspot\bin\net.dll
Event: 1.406 Loaded shared library C:\Program Files\Eclipse Adoptium\jdk-25.0.0.36-hotspot\bin\nio.dll
Event: 1.415 Loaded shared library C:\Program Files\Eclipse Adoptium\jdk-25.0.0.36-hotspot\bin\zip.dll
Event: 3.155 Loaded shared library C:\Program Files\Eclipse Adoptium\jdk-25.0.0.36-hotspot\bin\jimage.dll
Event: 4.045 Loaded shared library C:\Program Files\Eclipse Adoptium\jdk-25.0.0.36-hotspot\bin\verify.dll
Event: 6.671 Loaded shared library C:\Users\thick\.gradle\native\1def1411415f61bf3af743bc5b6707747c0891f09f0c88961ee8f79bc544acac\windows-amd64\native-platform.dll
Event: 6.823 Loaded shared library C:\Users\thick\.gradle\native\0.2.5\x86_64-windows-gnu\gradle-fileevents.dll
Event: 12.112 Loaded shared library C:\Program Files\Eclipse Adoptium\jdk-25.0.0.36-hotspot\bin\management.dll
Event: 12.130 Loaded shared library C:\Program Files\Eclipse Adoptium\jdk-25.0.0.36-hotspot\bin\management_ext.dll
Event: 14.318 Loaded shared library C:\Program Files\Eclipse Adoptium\jdk-25.0.0.36-hotspot\bin\extnet.dll
Event: 15.016 Loaded shared library C:\Program Files\Eclipse Adoptium\jdk-25.0.0.36-hotspot\bin\sunmscapi.dll
Event: 17.753 Loaded shared library C:\Users\thick\AppData\Local\Temp\native-platform9579303617483386348dir\gradle-fileevents.dll

Deoptimization events (20 events):
Event: 6682.528 Thread 0x000001753462a2a0 Uncommon trap: trap_request=0xffffffde fr.pc=0x0000017521235510 relative=0x0000000000000290
Event: 6682.528 Thread 0x000001753462a2a0 Uncommon trap: reason=class_check action=maybe_recompile pc=0x0000017521235510 method=org.gradle.internal.logging.sink.ProgressLogEventGenerator.onOutput(Lorg/gradle/internal/logging/events/OutputEvent;)V @ 1 c2
Event: 6682.528 Thread 0x000001753462a2a0 DEOPT PACKING pc=0x0000017521235510 sp=0x0000005f580fd620
Event: 6682.528 Thread 0x000001753462a2a0 DEOPT UNPACKING pc=0x0000017520aee602 sp=0x0000005f580fd5d0 mode 2
Event: 6682.531 Thread 0x000001753462a2a0 Uncommon trap: trap_request=0xffffffde fr.pc=0x000001752122b438 relative=0x00000000000006b8
Event: 6682.532 Thread 0x000001753462a2a0 Uncommon trap: reason=class_check action=maybe_recompile pc=0x000001752122b438 method=org.gradle.internal.event.ListenerBroadcast.dispatch(Lorg/gradle/internal/dispatch/MethodInvocation;)V @ 5 c2
Event: 6682.532 Thread 0x000001753462a2a0 DEOPT PACKING pc=0x000001752122b438 sp=0x0000005f580fd520
Event: 6682.532 Thread 0x000001753462a2a0 DEOPT UNPACKING pc=0x0000017520aee602 sp=0x0000005f580fd460 mode 2
Event: 6682.533 Thread 0x000001753462a2a0 Uncommon trap: trap_request=0xffffffde fr.pc=0x000001752122b438 relative=0x00000000000006b8
Event: 6682.533 Thread 0x000001753462a2a0 Uncommon trap: reason=class_check action=maybe_recompile pc=0x000001752122b438 method=org.gradle.internal.event.ListenerBroadcast.dispatch(Lorg/gradle/internal/dispatch/MethodInvocation;)V @ 5 c2
Event: 6682.533 Thread 0x000001753462a2a0 DEOPT PACKING pc=0x000001752122b438 sp=0x0000005f580fd520
Event: 6682.533 Thread 0x000001753462a2a0 DEOPT UNPACKING pc=0x0000017520aee602 sp=0x0000005f580fd460 mode 2
Event: 6682.608 Thread 0x000001753462a2a0 Uncommon trap: trap_request=0xffffffde fr.pc=0x000001752122b438 relative=0x00000000000006b8
Event: 6682.608 Thread 0x000001753462a2a0 Uncommon trap: reason=class_check action=maybe_recompile pc=0x000001752122b438 method=org.gradle.internal.event.ListenerBroadcast.dispatch(Lorg/gradle/internal/dispatch/MethodInvocation;)V @ 5 c2
Event: 6682.608 Thread 0x000001753462a2a0 DEOPT PACKING pc=0x000001752122b438 sp=0x0000005f580fcae0
Event: 6682.608 Thread 0x000001753462a2a0 DEOPT UNPACKING pc=0x0000017520aee602 sp=0x0000005f580fca20 mode 2
Event: 6682.608 Thread 0x000001753462a2a0 Uncommon trap: trap_request=0xffffffde fr.pc=0x000001752122b438 relative=0x00000000000006b8
Event: 6682.608 Thread 0x000001753462a2a0 Uncommon trap: reason=class_check action=maybe_recompile pc=0x000001752122b438 method=org.gradle.internal.event.ListenerBroadcast.dispatch(Lorg/gradle/internal/dispatch/MethodInvocation;)V @ 5 c2
Event: 6682.608 Thread 0x000001753462a2a0 DEOPT PACKING pc=0x000001752122b438 sp=0x0000005f580fcae0
Event: 6682.608 Thread 0x000001753462a2a0 DEOPT UNPACKING pc=0x0000017520aee602 sp=0x0000005f580fca20 mode 2

Classes loaded (20 events):
Event: 28.573 Loading class java/util/concurrent/ConcurrentHashMap$EntrySpliterator
Event: 28.574 Loading class java/util/concurrent/ConcurrentHashMap$EntrySpliterator done
Event: 28.650 Loading class java/util/concurrent/ConcurrentLinkedQueue$Itr
Event: 28.651 Loading class java/util/concurrent/ConcurrentLinkedQueue$Itr done
Event: 28.707 Loading class java/util/AbstractList$ListItr
Event: 28.708 Loading class java/util/AbstractList$ListItr done
Event: 28.716 Loading class java/util/Collections$EmptyListIterator
Event: 28.718 Loading class java/util/Collections$EmptyListIterator done
Event: 28.743 Loading class java/time/Instant$1
Event: 28.743 Loading class java/time/Instant$1 done
Event: 28.805 Loading class java/net/UrlDeserializedState
Event: 28.806 Loading class java/net/UrlDeserializedState done
Event: 28.806 Loading class java/net/Proxy
Event: 28.806 Loading class java/net/Proxy done
Event: 28.811 Loading class java/util/concurrent/CompletableFuture$AsyncRun
Event: 28.811 Loading class java/util/concurrent/CompletableFuture$AsyncRun done
Event: 29.323 Loading class java/util/Formatter$FormatSpecifierParser
Event: 29.324 Loading class java/util/Formatter$FormatSpecifierParser done
Event: 29.324 Loading class jdk/internal/math/FormattedFPDecimal
Event: 29.325 Loading class jdk/internal/math/FormattedFPDecimal done

Classes unloaded (0 events):
No events

Classes redefined (0 events):
No events

Internal exceptions (20 events):
Event: 28.478 Thread 0x000001752eacee20 Exception <a 'java/lang/NoSuchMethodError'{0x0000000083a0ee00}: static Lorg/gradle/internal/build/event/types/DefaultFailure;.<clinit>()V> (0x0000000083a0ee00) 
thrown [s\src\hotspot\share\prims\jni.cpp, line 1106]
Event: 28.567 Thread 0x0000017534bc9cb0 Exception <a 'java/lang/NoSuchMethodError'{0x00000000839f2bd0}: 'java.lang.Object java.lang.invoke.DirectMethodHandle$Holder.newInvokeSpecial(java.lang.Object, int, java.lang.Object)'> (0x00000000839f2bd0) 
thrown [s\src\hotspot\share\interpreter\linkResolver.cpp, line 804]
Event: 28.598 Thread 0x0000017534bc9cb0 Exception <a 'java/lang/NoSuchMethodError'{0x00000000838a54a8}: 'void java.lang.invoke.DirectMethodHandle$Holder.invokeStatic(java.lang.Object, int, java.lang.Object)'> (0x00000000838a54a8) 
thrown [s\src\hotspot\share\interpreter\linkResolver.cpp, line 804]
Event: 28.615 Thread 0x0000017534bc9cb0 Exception <a 'java/lang/NoSuchMethodError'{0x00000000838ee780}: 'java.lang.Object java.lang.invoke.DirectMethodHandle$Holder.newInvokeSpecial(java.lang.Object, java.lang.Object, java.lang.Object, java.lang.Object, int, java.lang.Object)'> (0x00000000838ee780) 
thrown [s\src\hotspot\share\interpreter\linkResolver.cpp, line 804]
Event: 28.618 Thread 0x0000017534bc9cb0 Exception <a 'java/lang/NoSuchMethodError'{0x00000000838ff0e0}: 'java.lang.Object java.lang.invoke.Invokers$Holder.linkToTargetMethod(java.lang.Object, java.lang.Object, java.lang.Object, int, java.lang.Object, java.lang.Object)'> (0x00000000838ff0e0) 
thrown [s\src\hotspot\share\interpreter\linkResolver.cpp, line 804]
Event: 28.646 Thread 0x0000017534bc9cb0 Exception <a 'java/lang/IncompatibleClassChangeError'{0x000000008379a5d0}: Found class java.lang.Object, but interface was expected> (0x000000008379a5d0) 
thrown [s\src\hotspot\share\interpreter\linkResolver.cpp, line 871]
Event: 28.674 Thread 0x000001752eacee20 Exception <a 'java/lang/NoSuchMethodError'{0x0000000083503218}: static Lorg/gradle/internal/build/event/types/DefaultRootOperationDescriptor;.<clinit>()V> (0x0000000083503218) 
thrown [s\src\hotspot\share\prims\jni.cpp, line 1106]
Event: 28.678 Thread 0x0000017534bc9cb0 Exception <a 'java/lang/IncompatibleClassChangeError'{0x00000000836e2840}: Found class java.lang.Object, but interface was expected> (0x00000000836e2840) 
thrown [s\src\hotspot\share\interpreter\linkResolver.cpp, line 871]
Event: 28.804 Thread 0x00000175339de880 Exception <a 'java/lang/NoSuchMethodError'{0x0000000083319818}: static Lorg/gradle/internal/classloader/ClassLoaderSpec;.<clinit>()V> (0x0000000083319818) 
thrown [s\src\hotspot\share\prims\jni.cpp, line 1106]
Event: 28.805 Thread 0x00000175339de880 Exception <a 'java/lang/NoSuchMethodError'{0x0000000083322d48}: static Lorg/gradle/internal/classloader/VisitableURLClassLoader$Spec;.<clinit>()V> (0x0000000083322d48) 
thrown [s\src\hotspot\share\prims\jni.cpp, line 1106]
Event: 29.546 Thread 0x0000017534bc9cb0 Exception <a 'java/lang/ClassNotFoundException'{0x00000000fff850a0}: init_33116vz4p9vyy0ttx7mo54oocBeanInfo> (0x00000000fff850a0) 
thrown [s\src\hotspot\share\classfile\systemDictionary.cpp, line 327]
Event: 29.546 Thread 0x0000017534bc9cb0 Exception <a 'java/lang/ClassNotFoundException'{0x00000000fff8a8c8}: init_33116vz4p9vyy0ttx7mo54oocCustomizer> (0x00000000fff8a8c8) 
thrown [s\src\hotspot\share\classfile\systemDictionary.cpp, line 327]
Event: 29.661 Thread 0x0000017534bc9cb0 Exception <a 'sun/nio/fs/WindowsException'{0x0000000087b96450}> (0x0000000087b96450) 
thrown [s\src\hotspot\share\prims\jni.cpp, line 516]
Event: 29.662 Thread 0x0000017534bc9cb0 Exception <a 'sun/nio/fs/WindowsException'{0x0000000087b97928}> (0x0000000087b97928) 
thrown [s\src\hotspot\share\prims\jni.cpp, line 516]
Event: 29.663 Thread 0x0000017534bc9cb0 Exception <a 'sun/nio/fs/WindowsException'{0x0000000087b98df0}> (0x0000000087b98df0) 
thrown [s\src\hotspot\share\prims\jni.cpp, line 516]
Event: 29.664 Thread 0x0000017534bc9cb0 Exception <a 'sun/nio/fs/WindowsException'{0x0000000087b9a290}> (0x0000000087b9a290) 
thrown [s\src\hotspot\share\prims\jni.cpp, line 516]
Event: 31.059 Thread 0x0000017534bc9cb0 Exception <a 'sun/nio/fs/WindowsException'{0x000000008497a630}> (0x000000008497a630) 
thrown [s\src\hotspot\share\prims\jni.cpp, line 516]
Event: 31.060 Thread 0x0000017534bc9cb0 Exception <a 'sun/nio/fs/WindowsException'{0x000000008497c1a8}> (0x000000008497c1a8) 
thrown [s\src\hotspot\share\prims\jni.cpp, line 516]
Event: 854.762 Thread 0x0000017533b909c0 Implicit null exception at 0x0000017520fad6b8 to 0x0000017520fadd9c
Event: 6682.132 Thread 0x000001753462a2a0 Implicit null exception at 0x0000017521215230 to 0x00000175212152e4

VM Operations (20 events):
Event: 6433.718 Executing non-safepoint VM operation: HandshakeAllThreads (HandshakeForDeflation)
Event: 6433.765 Executing non-safepoint VM operation: HandshakeAllThreads (HandshakeForDeflation) done
Event: 6433.767 Executing non-safepoint VM operation: RendezvousGCThreads
Event: 6433.767 Executing non-safepoint VM operation: RendezvousGCThreads done
Event: 6493.783 Executing non-safepoint VM operation: HandshakeAllThreads (HandshakeForDeflation)
Event: 6493.796 Executing non-safepoint VM operation: HandshakeAllThreads (HandshakeForDeflation) done
Event: 6493.798 Executing non-safepoint VM operation: RendezvousGCThreads
Event: 6493.798 Executing non-safepoint VM operation: RendezvousGCThreads done
Event: 6553.915 Executing non-safepoint VM operation: HandshakeAllThreads (HandshakeForDeflation)
Event: 6553.932 Executing non-safepoint VM operation: HandshakeAllThreads (HandshakeForDeflation) done
Event: 6553.933 Executing non-safepoint VM operation: RendezvousGCThreads
Event: 6553.934 Executing non-safepoint VM operation: RendezvousGCThreads done
Event: 6614.109 Executing non-safepoint VM operation: HandshakeAllThreads (HandshakeForDeflation)
Event: 6614.133 Executing non-safepoint VM operation: HandshakeAllThreads (HandshakeForDeflation) done
Event: 6614.136 Executing non-safepoint VM operation: RendezvousGCThreads
Event: 6614.136 Executing non-safepoint VM operation: RendezvousGCThreads done
Event: 6674.322 Executing non-safepoint VM operation: HandshakeAllThreads (HandshakeForDeflation)
Event: 6674.341 Executing non-safepoint VM operation: HandshakeAllThreads (HandshakeForDeflation) done
Event: 6674.343 Executing non-safepoint VM operation: RendezvousGCThreads
Event: 6674.343 Executing non-safepoint VM operation: RendezvousGCThreads done

Memory protections (0 events):
No events

Nmethod flushes (20 events):
Event: 29.496 Thread 0x000001752e712c10 flushing  nmethod 0x0000017518d6a188
Event: 29.496 Thread 0x000001752e712c10 flushing  nmethod 0x0000017518db1a88
Event: 29.496 Thread 0x000001752e712c10 flushing  nmethod 0x0000017518db3f88
Event: 29.496 Thread 0x000001752e712c10 flushing  nmethod 0x0000017518e00d88
Event: 29.496 Thread 0x000001752e712c10 flushing  nmethod 0x0000017518e03d08
Event: 29.496 Thread 0x000001752e712c10 flushing  nmethod 0x0000017518e04508
Event: 29.496 Thread 0x000001752e712c10 flushing  nmethod 0x0000017518e05b08
Event: 29.496 Thread 0x000001752e712c10 flushing  nmethod 0x0000017518e07f88
Event: 29.496 Thread 0x000001752e712c10 flushing  nmethod 0x0000017518e54f88
Event: 29.496 Thread 0x000001752e712c10 flushing  nmethod 0x0000017518e58088
Event: 29.496 Thread 0x000001752e712c10 flushing  nmethod 0x0000017518e59688
Event: 29.496 Thread 0x000001752e712c10 flushing  nmethod 0x0000017518e59988
Event: 29.496 Thread 0x000001752e712c10 flushing  nmethod 0x0000017518e5a008
Event: 29.496 Thread 0x000001752e712c10 flushing  nmethod 0x0000017518fec088
Event: 29.496 Thread 0x000001752e712c10 flushing  nmethod 0x000001751913b708
Event: 29.496 Thread 0x000001752e712c10 flushing  nmethod 0x000001751913c508
Event: 29.496 Thread 0x000001752e712c10 flushing  nmethod 0x000001751944a508
Event: 29.496 Thread 0x000001752e712c10 flushing  nmethod 0x000001751944ae88
Event: 29.496 Thread 0x000001752e712c10 flushing  nmethod 0x000001751944b588
Event: 29.496 Thread 0x000001752e712c10 flushing  nmethod 0x000001751944bb88

Events (20 events):
Event: 31.299 Thread 0x000001753462aa70 Thread exited: 0x000001753462aa70
Event: 31.300 Thread 0x0000017535a236c0 Thread exited: 0x0000017535a236c0
Event: 31.303 Thread 0x0000017535a22ef0 Thread exited: 0x0000017535a22ef0
Event: 31.324 Thread 0x0000017535a22720 Thread exited: 0x0000017535a22720
Event: 31.340 Thread 0x0000017535a25600 Thread exited: 0x0000017535a25600
Event: 91.370 Thread 0x00000175339de880 Thread exited: 0x00000175339de880
Event: 91.436 Thread 0x0000017535a21f50 Thread exited: 0x0000017535a21f50
Event: 91.461 Thread 0x0000017534627b90 Thread exited: 0x0000017534627b90
Event: 91.466 Thread 0x0000017534bc9cb0 Thread exited: 0x0000017534bc9cb0
Event: 163.061 Thread 0x000001752ead1530 Thread added: 0x0000017535a1e8a0
Event: 223.527 Thread 0x0000017535a1e8a0 Thread exited: 0x0000017535a1e8a0
Event: 6305.410 Thread 0x000001752ead1530 Thread added: 0x0000017535a25600
Event: 6365.623 Thread 0x0000017535a25600 Thread exited: 0x0000017535a25600
Event: 6681.369 Thread 0x0000017533a7feb0 Thread added: 0x0000017535a22ef0
Event: 6681.422 Thread 0x0000017535a22ef0 Thread added: 0x0000017535a22720
Event: 6681.795 Thread 0x0000017535a22ef0 Thread added: 0x00000175346273c0
Event: 6681.861 Thread 0x0000017535a22ef0 Thread added: 0x000001753462a2a0
Event: 6682.077 Thread 0x000001753462a2a0 Thread added: 0x000001753462aa70
Event: 6682.129 Thread 0x000001753462a2a0 Thread added: 0x00000175371a7b30
Event: 6682.136 Thread 0x000001753462a2a0 Thread added: 0x000001752eacfdc0


Dynamic libraries:
0x00007ff7734a0000 - 0x00007ff7734ae000 	C:\Program Files\Eclipse Adoptium\jdk-25.0.0.36-hotspot\bin\java.exe
0x00007ffb0a260000 - 0x00007ffb0a4c3000 	C:\WINDOWS\SYSTEM32\ntdll.dll
0x00007ffb08f70000 - 0x00007ffb09037000 	C:\WINDOWS\System32\KERNEL32.DLL
0x00007ffb07600000 - 0x00007ffb079c7000 	C:\WINDOWS\System32\KERNELBASE.dll
0x00007ffb07eb0000 - 0x00007ffb07ffc000 	C:\WINDOWS\System32\ucrtbase.dll
0x00007ffae4ac0000 - 0x00007ffae4ad6000 	C:\Program Files\Eclipse Adoptium\jdk-25.0.0.36-hotspot\bin\jli.dll
0x00007ffb08d10000 - 0x00007ffb08ed9000 	C:\WINDOWS\System32\USER32.dll
0x00007ffb07e80000 - 0x00007ffb07ea7000 	C:\WINDOWS\System32\win32u.dll
0x00007ffae4aa0000 - 0x00007ffae4abe000 	C:\Program Files\Eclipse Adoptium\jdk-25.0.0.36-hotspot\bin\VCRUNTIME140.dll
0x00007ffb08ab0000 - 0x00007ffb08ada000 	C:\WINDOWS\System32\GDI32.dll
0x00007ffb07d50000 - 0x00007ffb07e7b000 	C:\WINDOWS\System32\gdi32full.dll
0x00007ffadf440000 - 0x00007ffadf6d0000 	C:\WINDOWS\WinSxS\amd64_microsoft.windows.common-controls_6595b64144ccf1df_6.0.26100.3037_none_3e09262ce333c378\COMCTL32.dll
0x00007ffb07be0000 - 0x00007ffb07c83000 	C:\WINDOWS\System32\msvcp_win.dll
0x00007ffb0a0c0000 - 0x00007ffb0a169000 	C:\WINDOWS\System32\msvcrt.dll
0x00007ffb098d0000 - 0x00007ffb098ff000 	C:\WINDOWS\System32\IMM32.DLL
0x00007ffae4a90000 - 0x00007ffae4a9c000 	C:\Program Files\Eclipse Adoptium\jdk-25.0.0.36-hotspot\bin\vcruntime140_1.dll
0x00007ffac9200000 - 0x00007ffac928d000 	C:\Program Files\Eclipse Adoptium\jdk-25.0.0.36-hotspot\bin\msvcp140.dll
0x00007ffa081e0000 - 0x00007ffa09106000 	C:\Program Files\Eclipse Adoptium\jdk-25.0.0.36-hotspot\bin\server\jvm.dll
0x00007ffb09640000 - 0x00007ffb096f4000 	C:\WINDOWS\System32\ADVAPI32.dll
0x00007ffb0a170000 - 0x00007ffb0a216000 	C:\WINDOWS\System32\sechost.dll
0x00007ffb09ca0000 - 0x00007ffb09db6000 	C:\WINDOWS\System32\RPCRT4.dll
0x00007ffb0a040000 - 0x00007ffb0a0b4000 	C:\WINDOWS\System32\WS2_32.dll
0x00007ffb07490000 - 0x00007ffb074de000 	C:\WINDOWS\SYSTEM32\POWRPROF.dll
0x00007ffaff520000 - 0x00007ffaff556000 	C:\WINDOWS\SYSTEM32\WINMM.dll
0x00007ffaf5590000 - 0x00007ffaf559b000 	C:\WINDOWS\SYSTEM32\VERSION.dll
0x00007ffb07470000 - 0x00007ffb07484000 	C:\WINDOWS\SYSTEM32\UMPDC.dll
0x00007ffb06390000 - 0x00007ffb063aa000 	C:\WINDOWS\SYSTEM32\kernel.appcore.dll
0x00007ffae4a60000 - 0x00007ffae4a6a000 	C:\Program Files\Eclipse Adoptium\jdk-25.0.0.36-hotspot\bin\jimage.dll
0x00007ffb04fb0000 - 0x00007ffb051f1000 	C:\WINDOWS\SYSTEM32\DBGHELP.DLL
0x00007ffb09910000 - 0x00007ffb09c8e000 	C:\WINDOWS\System32\combase.dll
0x00007ffb097f0000 - 0x00007ffb098c6000 	C:\WINDOWS\System32\OLEAUT32.dll
0x00007ffae0840000 - 0x00007ffae0879000 	C:\WINDOWS\SYSTEM32\dbgcore.DLL
0x00007ffb08000000 - 0x00007ffb08099000 	C:\WINDOWS\System32\bcryptPrimitives.dll
0x00007ffae4a50000 - 0x00007ffae4a5f000 	C:\Program Files\Eclipse Adoptium\jdk-25.0.0.36-hotspot\bin\instrument.dll
0x00007ffaca820000 - 0x00007ffaca83e000 	C:\Program Files\Eclipse Adoptium\jdk-25.0.0.36-hotspot\bin\java.dll
0x00007ffb08b10000 - 0x00007ffb08ca5000 	C:\WINDOWS\System32\ole32.dll
0x00007ffb083a0000 - 0x00007ffb08aa4000 	C:\WINDOWS\System32\SHELL32.dll
0x00007ffb052d0000 - 0x00007ffb05b07000 	C:\WINDOWS\SYSTEM32\windows.storage.dll
0x00007ffb09700000 - 0x00007ffb097e9000 	C:\WINDOWS\System32\SHCORE.dll
0x00007ffb08cb0000 - 0x00007ffb08d0d000 	C:\WINDOWS\System32\shlwapi.dll
0x00007ffb07510000 - 0x00007ffb0753e000 	C:\WINDOWS\SYSTEM32\profapi.dll
0x00007ffaca800000 - 0x00007ffaca817000 	C:\Program Files\Eclipse Adoptium\jdk-25.0.0.36-hotspot\bin\zip.dll
0x00007ffac9190000 - 0x00007ffac91a1000 	C:\Program Files\Eclipse Adoptium\jdk-25.0.0.36-hotspot\bin\net.dll
0x00007ffb06940000 - 0x00007ffb069aa000 	C:\WINDOWS\system32\mswsock.dll
0x00007ffac9170000 - 0x00007ffac9186000 	C:\Program Files\Eclipse Adoptium\jdk-25.0.0.36-hotspot\bin\nio.dll
0x00007ffae4a40000 - 0x00007ffae4a50000 	C:\Program Files\Eclipse Adoptium\jdk-25.0.0.36-hotspot\bin\verify.dll
0x00007ffae4b90000 - 0x00007ffae4bb7000 	C:\Users\thick\.gradle\native\1def1411415f61bf3af743bc5b6707747c0891f09f0c88961ee8f79bc544acac\windows-amd64\native-platform.dll
0x0000000077190000 - 0x0000000077203000 	C:\Users\thick\.gradle\native\0.2.5\x86_64-windows-gnu\gradle-fileevents.dll
0x00007ffae48c0000 - 0x00007ffae48ca000 	C:\Program Files\Eclipse Adoptium\jdk-25.0.0.36-hotspot\bin\management.dll
0x00007ffaca930000 - 0x00007ffaca93c000 	C:\Program Files\Eclipse Adoptium\jdk-25.0.0.36-hotspot\bin\management_ext.dll
0x00007ffb09040000 - 0x00007ffb09048000 	C:\WINDOWS\System32\PSAPI.DLL
0x00007ffb06bf0000 - 0x00007ffb06c0c000 	C:\WINDOWS\SYSTEM32\CRYPTSP.dll
0x00007ffb063b0000 - 0x00007ffb063e8000 	C:\WINDOWS\system32\rsaenh.dll
0x00007ffb069e0000 - 0x00007ffb06a0b000 	C:\WINDOWS\SYSTEM32\USERENV.dll
0x00007ffb06e20000 - 0x00007ffb06e46000 	C:\WINDOWS\SYSTEM32\bcrypt.dll
0x00007ffb06be0000 - 0x00007ffb06bec000 	C:\WINDOWS\SYSTEM32\CRYPTBASE.dll
0x00007ffb05e20000 - 0x00007ffb05e52000 	C:\WINDOWS\SYSTEM32\IPHLPAPI.DLL
0x00007ffb080a0000 - 0x00007ffb080aa000 	C:\WINDOWS\System32\NSI.dll
0x00007ffaca8b0000 - 0x00007ffaca8b9000 	C:\Program Files\Eclipse Adoptium\jdk-25.0.0.36-hotspot\bin\extnet.dll
0x00007ffaca7f0000 - 0x00007ffaca7fe000 	C:\Program Files\Eclipse Adoptium\jdk-25.0.0.36-hotspot\bin\sunmscapi.dll
0x00007ffb079d0000 - 0x00007ffb07b46000 	C:\WINDOWS\System32\CRYPT32.dll
0x00007ffb06de0000 - 0x00007ffb06e10000 	C:\WINDOWS\SYSTEM32\ncrypt.dll
0x00007ffb06d90000 - 0x00007ffb06dcf000 	C:\WINDOWS\SYSTEM32\NTASN1.dll
0x00007ffad3820000 - 0x00007ffad3828000 	C:\WINDOWS\system32\wshunix.dll
0x0000000077010000 - 0x0000000077083000 	C:\Users\thick\AppData\Local\Temp\native-platform9579303617483386348dir\gradle-fileevents.dll

JVMTI agents:
C:\Users\thick\.gradle\wrapper\dists\gradle-8.12-all\ejduaidbjup3bmmkhw3rie4zb\gradle-8.12\lib\agents\gradle-instrumentation-agent-8.12.jar path:C:\Program Files\Eclipse Adoptium\jdk-25.0.0.36-hotspot\bin\instrument.dll, loaded, initialized, instrumentlib options:none

dbghelp: loaded successfully - version: 4.0.5 - missing functions: none
symbol engine: initialized successfully - sym options: 0x614 - pdb path: .;C:\Program Files\Eclipse Adoptium\jdk-25.0.0.36-hotspot\bin;C:\WINDOWS\SYSTEM32;C:\WINDOWS\WinSxS\amd64_microsoft.windows.common-controls_6595b64144ccf1df_6.0.26100.3037_none_3e09262ce333c378;C:\Program Files\Eclipse Adoptium\jdk-25.0.0.36-hotspot\bin\server;C:\Users\thick\.gradle\native\1def1411415f61bf3af743bc5b6707747c0891f09f0c88961ee8f79bc544acac\windows-amd64;C:\Users\thick\.gradle\native\0.2.5\x86_64-windows-gnu;C:\Users\thick\AppData\Local\Temp\native-platform9579303617483386348dir

VM Arguments:
jvm_args: --add-opens=java.base/java.lang=ALL-UNNAMED --add-opens=java.base/java.lang.invoke=ALL-UNNAMED --add-opens=java.base/java.util=ALL-UNNAMED --add-opens=java.prefs/java.util.prefs=ALL-UNNAMED --add-exports=jdk.compiler/com.sun.tools.javac.api=ALL-UNNAMED --add-exports=jdk.compiler/com.sun.tools.javac.util=ALL-UNNAMED --add-opens=java.base/java.util=ALL-UNNAMED --add-opens=java.prefs/java.util.prefs=ALL-UNNAMED --add-opens=java.base/java.nio.charset=ALL-UNNAMED --add-opens=java.base/java.net=ALL-UNNAMED --add-opens=java.base/java.util.concurrent.atomic=ALL-UNNAMED --add-opens=java.xml/javax.xml.namespace=ALL-UNNAMED -XX:MaxMetaspaceSize=1G -XX:ReservedCodeCacheSize=256m -XX:+HeapDumpOnOutOfMemoryError -Xmx2G -Dfile.encoding=UTF-8 -Duser.country=IN -Duser.language=en -Duser.variant -javaagent:C:\Users\thick\.gradle\wrapper\dists\gradle-8.12-all\ejduaidbjup3bmmkhw3rie4zb\gradle-8.12\lib\agents\gradle-instrumentation-agent-8.12.jar 
java_command: org.gradle.launcher.daemon.bootstrap.GradleDaemon 8.12
java_class_path (initial): C:\Users\thick\.gradle\wrapper\dists\gradle-8.12-all\ejduaidbjup3bmmkhw3rie4zb\gradle-8.12\lib\gradle-daemon-main-8.12.jar
Launcher Type: SUN_STANDARD

[Global flags]
     intx CICompilerCount                          = 4                                         {product} {ergonomic}
   size_t CompressedClassSpaceSize                 = 872415232                                 {product} {ergonomic}
     uint ConcGCThreads                            = 3                                         {product} {ergonomic}
     uint G1ConcRefinementThreads                  = 10                                        {product} {ergonomic}
   size_t G1HeapRegionSize                         = 1048576                                   {product} {ergonomic}
     bool HeapDumpOnOutOfMemoryError               = true                                   {manageable} {command line}
   size_t InitialHeapSize                          = 130023424                                 {product} {ergonomic}
   size_t MarkStackSize                            = 4194304                                   {product} {ergonomic}
   size_t MarkStackSizeMax                         = 536870912                                 {product} {ergonomic}
   size_t MaxHeapSize                              = 2147483648                                {product} {command line}
   size_t MaxMetaspaceSize                         = 1073741824                                {product} {command line}
   size_t MaxNewSize                               = 1287651328                                {product} {ergonomic}
   size_t MinHeapDeltaBytes                        = 1048576                                   {product} {ergonomic}
   size_t MinHeapSize                              = 8388608                                   {product} {ergonomic}
    uintx NonNMethodCodeHeapSize                   = 5832704                                {pd product} {ergonomic}
    uintx NonProfiledCodeHeapSize                  = 131334144                              {pd product} {ergonomic}
    uintx ProfiledCodeHeapSize                     = 131268608                              {pd product} {ergonomic}
    uintx ReservedCodeCacheSize                    = 268435456                              {pd product} {command line, ergonomic}
     bool SegmentedCodeCache                       = true                                      {product} {ergonomic}
   size_t SoftMaxHeapSize                          = 2147483648                             {manageable} {ergonomic}
     bool UseCompressedOops                        = true                           {product lp64_product} {ergonomic}
     bool UseG1GC                                  = true                                      {product} {ergonomic}
     bool UseLargePagesIndividualAllocation        = false                                  {pd product} {ergonomic}

Logging:
Log output configuration:
 #0: stdout all=warning uptime,level,tags foldmultilines=false
 #1: stderr all=off uptime,level,tags foldmultilines=false

Release file:
IMPLEMENTOR="Eclipse Adoptium" 
IMPLEMENTOR_VERSION="Temurin-25+36" 
JAVA_RUNTIME_VERSION="25+36-LTS" 
JAVA_VERSION="25" 
JAVA_VERSION_DATE="2025-09-16" 
LIBC="default" 
MODULES="java.base java.compiler java.datatransfer java.xml java.prefs java.desktop java.instrument java.logging java.management java.security.sasl java.naming java.rmi java.management.rmi java.net.http java.scripting java.security.jgss java.transaction.xa java.sql java.sql.rowset java.xml.crypto java.se java.smartcardio jdk.accessibility jdk.internal.jvmstat jdk.attach jdk.charsets jdk.internal.opt jdk.zipfs jdk.compiler jdk.crypto.cryptoki jdk.crypto.ec jdk.crypto.mscapi jdk.dynalink jdk.internal.ed jdk.editpad jdk.internal.vm.ci jdk.graal.compiler jdk.graal.compiler.management jdk.hotspot.agent jdk.httpserver jdk.incubator.vector jdk.internal.le jdk.internal.md jdk.jartool jdk.javadoc jdk.jcmd jdk.management jdk.management.agent jdk.jconsole jdk.jdeps jdk.jdwp.agent jdk.jdi jdk.jfr jdk.jlink jdk.jpackage jdk.jshell jdk.jsobject jdk.jstatd jdk.localedata jdk.management.jfr jdk.naming.dns jdk.naming.rmi jdk.net jdk.nio.mapmode jdk.sctp jdk.security.auth jdk.security.jgss jdk.unsupported jdk.unsupported.desktop jdk.xml.dom" 
OS_ARCH="x86_64" 
OS_NAME="Windows" 
SOURCE=".:git:ef82ae723551" 
BUILD_SOURCE="git:b7337f50fb2a765519e79674ae790c2a7450149e"
BUILD_SOURCE_REPO="https://github.com/adoptium/temurin-build.git"
SOURCE_REPO="https://github.com/adoptium/jdk.git"
FULL_VERSION="25+36-LTS"
SEMANTIC_VERSION="25+36"
BUILD_INFO="OS: Windows Server 2022 Version: 10.0"
JVM_VARIANT="Hotspot"
JVM_VERSION="25+36-LTS"
IMAGE_TYPE="JDK"

Environment Variables:
PATH=C:\Program Files\Eclipse Adoptium\jdk-25.0.0.36-hotspot\bin;C:\Program Files\Common Files\Oracle\Java\javapath;C:\WINDOWS\system32;C:\WINDOWS;C:\WINDOWS\System32\Wbem;C:\WINDOWS\System32\WindowsPowerShell\v1.0\;C:\WINDOWS\System32\OpenSSH\;C:\Program Files\Git\cmd;C:\Flutter\flutter\flutter\bin;C:\Program Files\Java\jdk-17\bin;C:\Program Files\nodejs\;C:\Program Files\MySQL\MySQL Shell 8.0\bin\;C:\Users\thick\scoop\apps\maven\current\bin;C:\Users\thick\scoop\shims;C:\Users\thick\AppData\Local\Programs\Python\Python312\Scripts\;C:\Users\thick\AppData\Local\Programs\Python\Python312\;C:\Users\thick\AppData\Local\Microsoft\WindowsApps;C:\Users\thick\AppData\Local\Programs\Microsoft VS Code\bin;C:\msys64\ucrt64\bin;C:\Flutter\flutter\flutter\bin;C:\Users\thick\AppData\Local\GitHubDesktop\bin;C:\flutter_windows_3.29.3-stable.zip\flutter\bin;C:\Users\thick\AppData\Local\Programs\cursor\resources\app\bin;C:\Program Files\Java\jdk-17\bin;C:\flutter\bin;C:\Users\thick\AppData\Local\Programs\IntelliJ IDEA Community Edition 2025.2.4\bin;C:\Users\thick\AppData\Roaming\npm;C:\Users\thick\AppData\Local\Programs\Antigravity\bin
USERNAME=thick
OS=Windows_NT
PROCESSOR_IDENTIFIER=Intel64 Family 6 Model 154 Stepping 4, GenuineIntel
TMP=C:\Users\thick\AppData\Local\Temp
TEMP=C:\Users\thick\AppData\Local\Temp




Compilation memory statistics disabled.

Periodic native trim disabled

---------------  S Y S T E M  ---------------

OS:
 Windows 11 , 64 bit Build 26100 (10.0.26100.3037)
OS uptime: 1 days 0:21 hours
Hyper-V role detected

CPU: total 12 (initial active 12) (6 cores per cpu, 2 threads per core) family 6 model 154 stepping 4 microcode 0x432, cx8, cmov, fxsr, ht, mmx, 3dnowpref, sse, sse2, sse3, ssse3, sse4.1, sse4.2, popcnt, lzcnt, tsc, tscinvbit, avx, avx2, aes, erms, clmul, bmi1, bmi2, adx, sha, fma, vzeroupper, clflush, clflushopt, clwb, hv, serialize, rdtscp, rdpid, fsrm, gfni, f16c, cet_ibt, cet_ss
Processor Information for processor 0
  Max Mhz: 1300, Current Mhz: 1300, Mhz Limit: 1300
Processor Information for processor 1
  Max Mhz: 1300, Current Mhz: 1300, Mhz Limit: 1300
Processor Information for processor 2
  Max Mhz: 1300, Current Mhz: 1300, Mhz Limit: 1300
Processor Information for processor 3
  Max Mhz: 1300, Current Mhz: 1300, Mhz Limit: 1300
Processor Information for processor 4
  Max Mhz: 1300, Current Mhz: 900, Mhz Limit: 897
Processor Information for processor 5
  Max Mhz: 1300, Current Mhz: 900, Mhz Limit: 897
Processor Information for processor 6
  Max Mhz: 1300, Current Mhz: 900, Mhz Limit: 897
Processor Information for processor 7
  Max Mhz: 1300, Current Mhz: 900, Mhz Limit: 897
Processor Information for processor 8
  Max Mhz: 1300, Current Mhz: 900, Mhz Limit: 897
Processor Information for processor 9
  Max Mhz: 1300, Current Mhz: 900, Mhz Limit: 897
Processor Information for processor 10
  Max Mhz: 1300, Current Mhz: 900, Mhz Limit: 897
Processor Information for processor 11
  Max Mhz: 1300, Current Mhz: 900, Mhz Limit: 897

Memory: 4k page, system-wide physical 7863M (309M free)
TotalPageFile size 32439M (AvailPageFile size 3M)
current process WorkingSet (physical memory assigned to process): 63M, peak: 268M
current process commit charge ("private bytes"): 309M, peak: 332M

vm_info: OpenJDK 64-Bit Server VM (25+36-LTS) for windows-amd64 JRE (25+36-LTS), built on 2025-09-16T00:00:00Z with unknown MS VC++:1942

END.
